Determining if the pthread_create exist failed with the following output:
Change Dir: /home/alex/catkin_ws/build/CMakeFiles/CMakeTmp

Run Build Command:"/usr/bin/make" "cmTC_5f9d3/fast"
/usr/bin/make -f CMakeFiles/cmTC_5f9d3.dir/build.make CMakeFiles/cmTC_5f9d3.dir/build
make[1]: вход в каталог «/home/alex/catkin_ws/build/CMakeFiles/CMakeTmp»
Building C object CMakeFiles/cmTC_5f9d3.dir/CheckSymbolExists.c.o
/usr/bin/cc     -o CMakeFiles/cmTC_5f9d3.dir/CheckSymbolExists.c.o   -c /home/alex/catkin_ws/build/CMakeFiles/CMakeTmp/CheckSymbolExists.c
Linking C executable cmTC_5f9d3
/usr/bin/cmake -E cmake_link_script CMakeFiles/cmTC_5f9d3.dir/link.txt --verbose=1
/usr/bin/cc       CMakeFiles/cmTC_5f9d3.dir/CheckSymbolExists.c.o  -o cmTC_5f9d3 -rdynamic 
CMakeFiles/cmTC_5f9d3.dir/CheckSymbolExists.c.o: In function `main':
CheckSymbolExists.c:(.text+0x16): undefined reference to `pthread_create'
collect2: error: ld returned 1 exit status
CMakeFiles/cmTC_5f9d3.dir/build.make:97: ошибка выполнения рецепта для цели «cmTC_5f9d3»
make[1]: *** [cmTC_5f9d3] Ошибка 1
make[1]: выход из каталога «/home/alex/catkin_ws/build/CMakeFiles/CMakeTmp»
Makefile:126: ошибка выполнения рецепта для цели «cmTC_5f9d3/fast»
make: *** [cmTC_5f9d3/fast] Ошибка 2

File /home/alex/catkin_ws/build/CMakeFiles/CMakeTmp/CheckSymbolExists.c:
/* */
#include <pthread.h>

int main(int argc, char** argv)
{
  (void)argv;
#ifndef pthread_create
  return ((int*)(&pthread_create))[argc];
#else
  (void)argc;
  return 0;
#endif
}

Determining if the function pthread_create exists in the pthreads failed with the following output:
Change Dir: /home/alex/catkin_ws/build/CMakeFiles/CMakeTmp

Run Build Command:"/usr/bin/make" "cmTC_ff3dd/fast"
/usr/bin/make -f CMakeFiles/cmTC_ff3dd.dir/build.make CMakeFiles/cmTC_ff3dd.dir/build
make[1]: вход в каталог «/home/alex/catkin_ws/build/CMakeFiles/CMakeTmp»
Building C object CMakeFiles/cmTC_ff3dd.dir/CheckFunctionExists.c.o
/usr/bin/cc    -DCHECK_FUNCTION_EXISTS=pthread_create   -o CMakeFiles/cmTC_ff3dd.dir/CheckFunctionExists.c.o   -c /usr/share/cmake-3.5/Modules/CheckFunctionExists.c
Linking C executable cmTC_ff3dd
/usr/bin/cmake -E cmake_link_script CMakeFiles/cmTC_ff3dd.dir/link.txt --verbose=1
/usr/bin/cc   -DCHECK_FUNCTION_EXISTS=pthread_create    CMakeFiles/cmTC_ff3dd.dir/CheckFunctionExists.c.o  -o cmTC_ff3dd -rdynamic -lpthreads 
/usr/bin/ld: cannot find -lpthreads
collect2: error: ld returned 1 exit status
CMakeFiles/cmTC_ff3dd.dir/build.make:97: ошибка выполнения рецепта для цели «cmTC_ff3dd»
make[1]: *** [cmTC_ff3dd] Ошибка 1
make[1]: выход из каталога «/home/alex/catkin_ws/build/CMakeFiles/CMakeTmp»
Makefile:126: ошибка выполнения рецепта для цели «cmTC_ff3dd/fast»
make: *** [cmTC_ff3dd/fast] Ошибка 2


